<?xml version="1.0" encoding="UTF-8" ?>
<testsuite failures="0" time="0.873" errors="1" skipped="0" tests="1" name="com.dragon.drive.domain.TestHibernateConnectMysql">
  <properties>
[...]
</properties>
  <testcase time="0.784" classname="com.dragon.drive.domain.TestHibernateConnectMysql" name="connectMysqlTest">
    <error message="resource: com/dragon/drive/domain/User.hbm.xml not found" type="org.hibernate.MappingNotFoundException">org.hibernate.MappingNotFoundException: resource: com/dragon/drive/domain/User.hbm.xml not found
	at org.hibernate.cfg.Configuration.addResource(Configuration.java:741)
	at org.hibernate.cfg.Configuration.addClass(Configuration.java:786)
	at com.dragon.drive.domain.TestHibernateConnectMysql.connectMysqlTest(TestHibernateConnectMysql.java:13)
	at sun.reflect.NativeMethodAccessorImpl.invoke0(Native Method)
	at sun.reflect.NativeMethodAccessorImpl.invoke(NativeMethodAccessorImpl.java:57)
	at sun.reflect.DelegatingMethodAccessorImpl.invoke(DelegatingMethodAccessorImpl.java:43)
	at java.lang.reflect.Method.invoke(Method.java:606)
	at org.junit.runners.model.FrameworkMethod$1.runReflectiveCall(FrameworkMethod.java:44)
	at org.junit.internal.runners.model.ReflectiveCallable.run(ReflectiveCallable.java:15)
	at org.junit.runners.model.FrameworkMethod.invokeExplosively(FrameworkMethod.java:41)
	at org.junit.internal.runners.statements.InvokeMethod.evaluate(InvokeMethod.java:20)
	at org.junit.runners.BlockJUnit4ClassRunner.runChild(BlockJUnit4ClassRunner.java:76)
	at org.junit.runners.BlockJUnit4ClassRunner.runChild(BlockJUnit4ClassRunner.java:50)
	at org.junit.runners.ParentRunner$3.run(ParentRunner.java:193)
	at org.junit.runners.ParentRunner$1.schedule(ParentRunner.java:52)
	at org.junit.runners.ParentRunner.runChildren(ParentRunner.java:191)
	at org.junit.runners.ParentRunner.access$000(ParentRunner.java:42)
	at org.junit.runners.ParentRunner$2.evaluate(ParentRunner.java:184)
	at org.junit.runners.ParentRunner.run(ParentRunner.java:236)
	at org.apache.maven.surefire.junit4.JUnit4TestSet.execute(JUnit4TestSet.java:53)
	at org.apache.maven.surefire.junit4.JUnit4Provider.executeTestSet(JUnit4Provider.java:123)
	at org.apache.maven.surefire.junit4.JUnit4Provider.invoke(JUnit4Provider.java:104)
	at sun.reflect.NativeMethodAccessorImpl.invoke0(Native Method)
	at sun.reflect.NativeMethodAccessorImpl.invoke(NativeMethodAccessorImpl.java:57)
	at sun.reflect.DelegatingMethodAccessorImpl.invoke(DelegatingMethodAccessorImpl.java:43)
	at java.lang.reflect.Method.invoke(Method.java:606)
	at org.apache.maven.surefire.util.ReflectionUtils.invokeMethodWithArray(ReflectionUtils.java:164)
	at org.apache.maven.surefire.booter.ProviderFactory$ProviderProxy.invoke(ProviderFactory.java:110)
	at org.apache.maven.surefire.booter.SurefireStarter.invokeProvider(SurefireStarter.java:175)
	at org.apache.maven.surefire.booter.SurefireStarter.runSuitesInProcessWhenForked(SurefireStarter.java:107)
	at org.apache.maven.surefire.booter.ForkedBooter.main(ForkedBooter.java:68)
</error>
    <system-err>九月 09, 2014 6:17:28 下午 org.hibernate.annotations.common.reflection.java.JavaReflectionManager &lt;clinit&gt;
INFO: HCANN000001: Hibernate Commons Annotations {4.0.5.Final}
九月 09, 2014 6:17:28 下午 org.hibernate.Version logVersion
INFO: HHH000412: Hibernate Core {4.3.6.Final}
九月 09, 2014 6:17:28 下午 org.hibernate.cfg.Environment &lt;clinit&gt;
INFO: HHH000206: hibernate.properties not found
九月 09, 2014 6:17:28 下午 org.hibernate.cfg.Environment buildBytecodeProvider
INFO: HHH000021: Bytecode provider name : javassist
九月 09, 2014 6:17:28 下午 org.hibernate.cfg.Configuration configure
INFO: HHH000043: Configuring from resource: hibernate.cfg.xml
九月 09, 2014 6:17:28 下午 org.hibernate.cfg.Configuration getConfigurationInputStream
INFO: HHH000040: Configuration resource: hibernate.cfg.xml
九月 09, 2014 6:17:28 下午 org.hibernate.internal.util.xml.DTDEntityResolver resolveEntity
WARN: HHH000223: Recognized obsolete hibernate namespace http://hibernate.sourceforge.net/. Use namespace http://www.hibernate.org/dtd/ instead. Refer to Hibernate 3.6 Migration Guide!
九月 09, 2014 6:17:28 下午 org.hibernate.cfg.Configuration addResource
INFO: HHH000221: Reading mappings from resource: TestDomain.hbm.xml
九月 09, 2014 6:17:28 下午 org.hibernate.internal.util.xml.DTDEntityResolver resolveEntity
WARN: HHH000223: Recognized obsolete hibernate namespace http://hibernate.sourceforge.net/. Use namespace http://www.hibernate.org/dtd/ instead. Refer to Hibernate 3.6 Migration Guide!
九月 09, 2014 6:17:28 下午 org.hibernate.cfg.Configuration doConfigure
INFO: HHH000041: Configured SessionFactory: null
九月 09, 2014 6:17:28 下午 org.hibernate.cfg.Configuration addClass
INFO: HHH000221: Reading mappings from resource: com/dragon/drive/domain/User.hbm.xml
九月 09, 2014 6:17:28 下午 org.hibernate.cfg.Configuration addResource
INFO: HHH000221: Reading mappings from resource: com/dragon/drive/domain/User.hbm.xml
</system-err>
  </testcase>
</testsuite>